<?xml version="1.0" encoding="UTF-8"?>
<!-- Generated by org.testng.reporters.JUnitReportReporter -->
<testsuite hostname="MAVCHN1121223" failures="0" tests="2" name="check.testng.order.TestClass1" time="0.028" errors="0" timestamp="2024-02-07T16:38:09 IST" skipped="0">
  <testcase classname="check.testng.order.TestClass1" name="Test2" time="0.008"/>
  <system-out/>
  <testcase classname="check.testng.order.TestClass1" name="Test1" time="0.020"/>
  <system-out/>
</testsuite> <!-- check.testng.order.TestClass1 -->
