<?xml version="1.0" encoding="UTF-8"?>
<!-- Generated by org.testng.reporters.JUnitReportReporter -->
<testsuite skipped="1" hostname="DESKTOP-E9ARFLP" name="com.amazon.automation.AmazonWebSiteAutomation" tests="2" failures="0" timestamp="2023-11-05T13:59:32 IST" time="2.224" errors="0">
  <testcase name="elementsTextBox" time="2.224" classname="com.amazon.automation.AmazonWebSiteAutomation"/>
  <system-out/>
  <testcase name="openMultipleWindows" classname="com.amazon.automation.AmazonWebSiteAutomation">
    <skipped/>
  </testcase> <!-- openMultipleWindows -->
  <system-out/>
</testsuite> <!-- com.amazon.automation.AmazonWebSiteAutomation -->
