<?xml version="1.0" encoding="UTF-8"?>
<!-- Generated by org.testng.reporters.JUnitReportReporter -->
<testsuite skipped="0" hostname="DESKTOP-E9ARFLP" name="check.testng.order.TestClass3" tests="1" failures="0" timestamp="2023-11-06T10:03:04 IST" time="0.002" errors="0">
  <testcase name="Test1" time="0.002" classname="check.testng.order.TestClass3"/>
  <system-out/>
</testsuite> <!-- check.testng.order.TestClass3 -->
