<?xml version="1.0" encoding="UTF-8"?>
<!-- Generated by org.testng.reporters.JUnitReportReporter -->
<testsuite hostname="MAVCHN1121223" failures="0" tests="1" name="check.testng.order.TestClass3" time="0.001" errors="0" timestamp="2024-02-02T16:31:48 IST" skipped="0">
  <testcase classname="check.testng.order.TestClass3" name="Test1" time="0.001"/>
  <system-out/>
</testsuite> <!-- check.testng.order.TestClass3 -->
