<?xml version="1.0" encoding="UTF-8"?>
<!-- Generated by org.testng.reporters.JUnitReportReporter -->
<testsuite hostname="MAVCHN1121223" failures="0" tests="1" name="com.amazon.automation.AmazonWebSiteAutomation" time="34.312" errors="0" timestamp="2023-10-05T18:17:55 IST" skipped="0">
  <testcase classname="com.amazon.automation.AmazonWebSiteAutomation" name="runTest" time="34.312"/>
  <system-out/>
</testsuite> <!-- com.amazon.automation.AmazonWebSiteAutomation -->
