<?xml version="1.0" encoding="UTF-8"?>
<!-- Generated by org.testng.reporters.JUnitReportReporter -->
<testsuite hostname="DESKTOP-E9ARFLP" failures="0" tests="1" name="com.amazon.automation.AmazonWebSiteAutomation" time="0.015" errors="0" timestamp="2023-07-05T17:46:18 IST" skipped="0">
  <testcase classname="com.amazon.automation.AmazonWebSiteAutomation" name="runTest" time="0.015"/>
  <system-out/>
</testsuite> <!-- com.amazon.automation.AmazonWebSiteAutomation -->
